<?xml version="1.0" encoding="utf-8" standalone="no"?>
<!--This file represents the results of running a test suite-->
<test-results name="D:\NEU\CSYE6202\Assignments\WQ_Assignments\BoxingWeights\BoxingWeights.Tests\bin\Debug\BoxingWeights.Tests.dll" total="1" errors="0" failures="0" not-run="0" inconclusive="0" ignored="0" skipped="0" invalid="0" date="2015-10-01" time="17:00:49">
  <environment nunit-version="2.6.4.14350" clr-version="2.0.50727.5485" os-version="Microsoft Windows NT 6.1.7601 Service Pack 1" platform="Win32NT" cwd="C:\Program Files (x86)\NUnit 2.6.4\bin" machine-name="WEIQIN-PC" user="Wei Qin" user-domain="WeiQin-PC" />
  <culture-info current-culture="en-US" current-uiculture="en-US" />
  <test-suite type="Assembly" name="D:\NEU\CSYE6202\Assignments\WQ_Assignments\BoxingWeights\BoxingWeights.Tests\bin\Debug\BoxingWeights.Tests.dll" executed="True" result="Success" success="True" time="0.005" asserts="0">
    <results>
      <test-suite type="Namespace" name="BoxingWeights" executed="True" result="Success" success="True" time="0.004" asserts="0">
        <results>
          <test-suite type="Namespace" name="Tests" executed="True" result="Success" success="True" time="0.003" asserts="0">
            <results>
              <test-suite type="TestFixture" name="WhenRunningBoxingWeights" executed="True" result="Success" success="True" time="0.002" asserts="0">
                <results>
                  <test-case name="BoxingWeights.Tests.WhenRunningBoxingWeights.When_NumberIs106_ResultShouldBeJuniorFlyweightAndHeavyweight" executed="True" result="Success" success="True" time="0.000" asserts="1" />
                </results>
              </test-suite>
            </results>
          </test-suite>
        </results>
      </test-suite>
    </results>
  </test-suite>
</test-results>